<?xml version="1.0" encoding="UTF-8"?>
<!-- Generated by org.testng.reporters.JUnitReportReporter -->
<testsuite hostname="MrB" failures="0" tests="4" name="healthCarePortal.StaffHRPortal" time="0.006" errors="0" timestamp="2021-03-07T12:46:26 EST" skipped="0">
  <testcase classname="healthCarePortal.StaffHRPortal" name="Staff_Login" time="0.002"/>
  <system-out/>
  <testcase classname="healthCarePortal.StaffHRPortal" name="Staff_RequestPTO" time="0.002"/>
  <system-out/>
  <testcase classname="healthCarePortal.StaffHRPortal" name="Staff_ViewPTO" time="0.001"/>
  <system-out/>
  <testcase classname="healthCarePortal.StaffHRPortal" name="Staff_ViewPaystabs" time="0.001"/>
  <system-out/>
</testsuite> <!-- healthCarePortal.StaffHRPortal -->
