<?xml version="1.0" encoding="UTF-8"?>
<!-- Generated by org.testng.reporters.JUnitReportReporter -->
<testsuite hostname="MrB" failures="0" tests="8" name="healthCarePortal.PatientPortal" time="0.024" errors="0" timestamp="2021-03-14T22:17:24 EDT" skipped="0">
  <testcase classname="healthCarePortal.PatientPortal" name="Patient_MakeAppt" time="0.002"/>
  <system-out/>
  <testcase classname="healthCarePortal.PatientPortal" name="Patient_CancelAppt" time="0.009"/>
  <system-out/>
  <testcase classname="healthCarePortal.PatientPortal" name="Patient_ReadEmails" time="0.002"/>
  <system-out/>
  <testcase classname="healthCarePortal.PatientPortal" name="Patient_MakeAppt" time="0.003"/>
  <system-out/>
  <testcase classname="healthCarePortal.PatientPortal" name="Patient_MakeAppt" time="0.002"/>
  <system-out/>
  <testcase classname="healthCarePortal.PatientPortal" name="Patient_SendEmails" time="0.002"/>
  <system-out/>
  <testcase classname="healthCarePortal.PatientPortal" name="Patient_rescheduleAppt" time="0.002"/>
  <system-out/>
  <testcase classname="healthCarePortal.PatientPortal" name="Patient_Login" time="0.002"/>
  <system-out/>
</testsuite> <!-- healthCarePortal.PatientPortal -->
