<?xml version="1.0" encoding="UTF-8"?>
<!-- Generated by org.testng.reporters.JUnitReportReporter -->
<testsuite hostname="MrB" failures="0" tests="1" name="TestAssertion.SoftAssertion" time="0.017" errors="0" timestamp="2021-03-10T11:37:57 EST" skipped="0">
  <testcase classname="TestAssertion.SoftAssertion" name="validate" time="0.017"/>
  <system-out/>
</testsuite> <!-- TestAssertion.SoftAssertion -->
