<?xml version="1.0" encoding="UTF-8"?>
<!-- Generated by org.testng.reporters.JUnitReportReporter -->
<testsuite hostname="MrB" failures="0" tests="4" name="healthCarePortal.ResearchEngine" time="0.007" errors="0" timestamp="2021-03-07T12:46:26 EST" skipped="0">
  <testcase classname="healthCarePortal.ResearchEngine" name="Research_BrowseTopics" time="0.002"/>
  <system-out/>
  <testcase classname="healthCarePortal.ResearchEngine" name="Research_UploadFindings" time="0.001"/>
  <system-out/>
  <testcase classname="healthCarePortal.ResearchEngine" name="Research_SearchTopic" time="0.002"/>
  <system-out/>
  <testcase classname="healthCarePortal.ResearchEngine" name="Research_Login" time="0.002"/>
  <system-out/>
</testsuite> <!-- healthCarePortal.ResearchEngine -->
